<?xml version="1.0" encoding="UTF-8"?>
<testsuites>
  <testsuite name="fastlane.lanes">
    
    
    
      
      <testcase classname="fastlane.lanes" name="0: default_platform" time="0.0029591">
        
      </testcase>
    
      
      <testcase classname="fastlane.lanes" name="1: flutter clean" time="2.5816151">
        
      </testcase>
    
      
      <testcase classname="fastlane.lanes" name="2: flutter build apk --release --flavor production --target lib/main_production.dart" time="301.5726028">
        
          <failure message="C:/Ruby33-x64/lib/ruby/gems/3.3.0/gems/fastlane-2.226.0/fastlane/lib/fastlane/actions/actions_helper.rb:67:in `execute_action&apos;&#10;C:/Ruby33-x64/lib/ruby/gems/3.3.0/gems/fastlane-2.226.0/fastlane/lib/fastlane/fast_file.rb:224:in `sh&apos;&#10;C:/Ruby33-x64/lib/ruby/gems/3.3.0/gems/fastlane-2.226.0/fastlane/lib/fastlane/fast_file.rb:216:in `sh&apos;&#10;Fastfile:22:in `block (2 levels) in parsing_binding&apos;&#10;C:/Ruby33-x64/lib/ruby/gems/3.3.0/gems/fastlane-2.226.0/fastlane/lib/fastlane/lane.rb:41:in `call&apos;&#10;C:/Ruby33-x64/lib/ruby/gems/3.3.0/gems/fastlane-2.226.0/fastlane/lib/fastlane/runner.rb:49:in `block in execute&apos;&#10;C:/Ruby33-x64/lib/ruby/gems/3.3.0/gems/fastlane-2.226.0/fastlane/lib/fastlane/runner.rb:45:in `chdir&apos;&#10;C:/Ruby33-x64/lib/ruby/gems/3.3.0/gems/fastlane-2.226.0/fastlane/lib/fastlane/runner.rb:45:in `execute&apos;&#10;C:/Ruby33-x64/lib/ruby/gems/3.3.0/gems/fastlane-2.226.0/fastlane/lib/fastlane/lane_manager.rb:46:in `cruise_lane&apos;&#10;C:/Ruby33-x64/lib/ruby/gems/3.3.0/gems/fastlane-2.226.0/fastlane/lib/fastlane/command_line_handler.rb:34:in `handle&apos;&#10;C:/Ruby33-x64/lib/ruby/gems/3.3.0/gems/fastlane-2.226.0/fastlane/lib/fastlane/commands_generator.rb:110:in `block (2 levels) in run&apos;&#10;C:/Ruby33-x64/lib/ruby/gems/3.3.0/gems/commander-4.6.0/lib/commander/command.rb:187:in `call&apos;&#10;C:/Ruby33-x64/lib/ruby/gems/3.3.0/gems/commander-4.6.0/lib/commander/command.rb:157:in `run&apos;&#10;C:/Ruby33-x64/lib/ruby/gems/3.3.0/gems/commander-4.6.0/lib/commander/runner.rb:444:in `run_active_command&apos;&#10;C:/Ruby33-x64/lib/ruby/gems/3.3.0/gems/fastlane-2.226.0/fastlane_core/lib/fastlane_core/ui/fastlane_runner.rb:124:in `run!&apos;&#10;C:/Ruby33-x64/lib/ruby/gems/3.3.0/gems/commander-4.6.0/lib/commander/delegates.rb:18:in `run!&apos;&#10;C:/Ruby33-x64/lib/ruby/gems/3.3.0/gems/fastlane-2.226.0/fastlane/lib/fastlane/commands_generator.rb:363:in `run&apos;&#10;C:/Ruby33-x64/lib/ruby/gems/3.3.0/gems/fastlane-2.226.0/fastlane/lib/fastlane/commands_generator.rb:43:in `start&apos;&#10;C:/Ruby33-x64/lib/ruby/gems/3.3.0/gems/fastlane-2.226.0/fastlane/lib/fastlane/cli_tools_distributor.rb:123:in `take_off&apos;&#10;C:/Ruby33-x64/lib/ruby/gems/3.3.0/gems/fastlane-2.226.0/bin/fastlane:23:in `&lt;top (required)&gt;&apos;&#10;C:/Ruby33-x64/bin/fastlane:32:in `load&apos;&#10;C:/Ruby33-x64/bin/fastlane:32:in `&lt;main&gt;&apos;&#10;&#10;Exit status of command &apos;flutter build apk --release --flavor production --target lib/main_production.dart&apos; was 1 instead of 0.&#10;Changing current working directory to: D:\studey projects\The-Good-Doctor\the_good_doctor&#10;Resolving dependencies...&#10;Downloading packages...&#10;  _fe_analyzer_shared 67.0.0 (77.0.0 available)&#10;  analyzer 6.4.1 (7.0.0 available)&#10;  args 2.5.0 (2.6.0 available)&#10;  async 2.11.0 (2.12.0 available)&#10;  boolean_selector 2.1.1 (2.1.2 available)&#10;  build_daemon 4.0.1 (4.0.2 available)&#10;  build_runner 2.4.9 (2.4.13 available)&#10;  build_runner_core 7.3.0 (7.3.2 available)&#10;  characters 1.3.0 (1.4.0 available)&#10;  clock 1.1.1 (1.1.2 available)&#10;  code_builder 4.10.0 (4.10.1 available)&#10;&gt; collection 1.19.0 (was 1.18.0) (1.19.1 available)&#10;  convert 3.1.1 (3.1.2 available)&#10;  crypto 3.0.3 (3.0.6 available)&#10;  dart_style 2.3.6 (3.0.0 available)&#10;  dio 5.5.0+1 (5.7.0 available)&#10;  dio_web_adapter 1.0.1 (2.0.0 available)&#10;  fake_async 1.3.1 (1.3.2 available)&#10;  ffi 2.1.2 (2.1.3 available)&#10;  file 7.0.0 (7.0.1 available)&#10;  fixnum 1.1.0 (1.1.1 available)&#10;  flutter_lints 3.0.2 (5.0.0 available)&#10;  flutter_svg 2.0.10+1 (2.0.16 available)&#10;  freezed 2.5.2 (2.5.7 available)&#10;  get_it 7.7.0 (8.0.3 available)&#10;  graphs 2.3.1 (2.3.2 available)&#10;  http_parser 4.0.2 (4.1.1 available)&#10;  intl 0.18.1 (0.20.1 available)&#10;  io 1.0.4 (1.0.5 available)&#10;  js 0.6.7 (0.7.1 available)&#10;  json_serializable 6.8.0 (6.9.0 available)&#10;&gt; leak_tracker 10.0.7 (was 10.0.5) (10.0.8 available)&#10;&gt; leak_tracker_flutter_testing 3.0.8 (was 3.0.5) (3.0.9 available)&#10;  lints 3.0.0 (5.1.0 available)&#10;  logging 1.2.0 (1.3.0 available)&#10;  matcher 0.12.16+1 (0.12.17 available)&#10;  material_color_utilities 0.11.1 (0.12.0 available)&#10;  meta 1.15.0 (1.16.0 available)&#10;  mime 1.0.5 (2.0.0 available)&#10;  package_config 2.1.0 (2.1.1 available)&#10;  path 1.9.0 (1.9.1 available)&#10;  path_parsing 1.0.1 (1.1.0 available)&#10;  path_provider 2.1.4 (2.1.5 available)&#10;  path_provider_android 2.2.10 (2.2.15 available)&#10;  path_provider_foundation 2.4.0 (2.4.1 available)&#10;  platform 3.1.5 (3.1.6 available)&#10;  pub_semver 2.1.4 (2.1.5 available)&#10;  retrofit 4.1.0 (4.4.1 available)&#10;  retrofit_generator 8.1.2 (9.1.5 available)&#10;  shared_preferences 2.3.2 (2.3.3 available)&#10;  shared_preferences_android 2.3.2 (2.4.0 available)&#10;  shared_preferences_foundation 2.5.2 (2.5.4 available)&#10;  shared_preferences_platform_interface 2.4.0 (2.4.1 available)&#10;  shelf 1.4.1 (1.4.2 available)&#10;  shelf_web_socket 1.0.4 (2.0.1 available)&#10;&lt; sky_engine 0.0.0 from sdk flutter (was 0.0.99 from sdk flutter)&#10;  source_span 1.10.0 (1.10.1 available)&#10;&gt; stack_trace 1.12.0 (was 1.11.1)&#10;&gt; string_scanner 1.3.0 (was 1.2.0) (1.4.0 available)&#10;&gt; test_api 0.7.3 (was 0.7.2) (0.7.4 available)&#10;  timing 1.0.1 (1.0.2 available)&#10;  typed_data 1.3.2 (1.4.0 available)&#10;  vector_graphics 1.1.11+1 (1.1.15 available)&#10;  vector_graphics_codec 1.1.11+1 (1.1.12 available)&#10;  vector_graphics_compiler 1.1.11+1 (1.1.16 available)&#10;&gt; vm_service 14.3.0 (was 14.2.5) (15.0.0 available)&#10;  web_socket_channel 2.4.0 (3.0.1 available)&#10;  win32 5.5.4 (5.9.0 available)&#10;  xdg_directories 1.0.4 (1.1.0 available)&#10;Changed 8 dependencies!&#10;67 packages have newer versions incompatible with dependency constraints.&#10;Try `flutter pub outdated` for more information.&#10;&#10;Running Gradle task &apos;assembleProductionRelease&apos;...              &#10;Checking the license for package Android SDK Platform 35 in C:\Users\BS\AppData\Local\Android\sdk\licenses&#10;License for package Android SDK Platform 35 accepted.&#10;Preparing &quot;Install Android SDK Platform 35 (revision: 1)&quot;.&#10;&quot;Install Android SDK Platform 35 (revision: 1)&quot; ready.&#10;Installing Android SDK Platform 35 in C:\Users\BS\AppData\Local\Android\sdk\platforms\android-35&#10;&quot;Install Android SDK Platform 35 (revision: 1)&quot; complete.&#10;&quot;Install Android SDK Platform 35 (revision: 1)&quot; finished.&#10;Font asset &quot;MaterialIcons-Regular.otf&quot; was tree-shaken, reducing it from 1645184 to 1336 bytes (99.9% reduction). Tree-shaking can be disabled by providing the --no-tree-shake-icons flag when building your app.&#10;&#10;FAILURE: Build completed with 2 failures.&#10;&#10;1: Task failed with an exception.&#10;-----------&#10;* What went wrong:&#10;Execution failed for task &apos;:app:processProductionReleaseResources&apos;.&#10;&gt; A failure occurred while executing com.android.build.gradle.internal.res.LinkApplicationAndroidResourcesTask$TaskAction&#10;   &gt; Android resource linking failed&#10;     aapt2.exe E 12-16 13:31:28 17256 16032 LoadedArsc.cpp:94] RES_TABLE_TYPE_TYPE entry offsets overlap actual entry data.&#10;     aapt2.exe E 12-16 13:31:28 17256 16032 ApkAssets.cpp:149] Failed to load resources table in APK &apos;C:\Users\BS\AppData\Local\Android\sdk\platforms\android-35\android.jar&apos;.&#10;     error: failed to load include path C:\Users\BS\AppData\Local\Android\sdk\platforms\android-35\android.jar.&#10;&#10;&#10;* Try:&#10;&gt; Run with --stacktrace option to get the stack trace.&#10;&gt; Run with --info or --debug option to get more log output.&#10;&gt; Run with --scan to get full insights.&#10;==============================================================================&#10;&#10;2: Task failed with an exception.&#10;-----------&#10;* What went wrong:&#10;Execution failed for task &apos;:app:bundleProductionReleaseResources&apos;.&#10;&gt; A failure occurred while executing com.android.build.gradle.internal.res.Aapt2ProcessResourcesRunnable&#10;   &gt; Android resource linking failed&#10;     aapt2.exe E 12-16 13:31:29 15924  9152 LoadedArsc.cpp:94] RES_TABLE_TYPE_TYPE entry offsets overlap actual entry data.&#10;     aapt2.exe E 12-16 13:31:29 15924  9152 ApkAssets.cpp:149] Failed to load resources table in APK &apos;C:\Users\BS\AppData\Local\Android\sdk\platforms\android-35\android.jar&apos;.&#10;     error: failed to load include path C:\Users\BS\AppData\Local\Android\sdk\platforms\android-35\android.jar.&#10;&#10;&#10;* Try:&#10;&gt; Run with --stacktrace option to get the stack trace.&#10;&gt; Run with --info or --debug option to get more log output.&#10;&gt; Run with --scan to get full insights.&#10;==============================================================================&#10;&#10;* Get more help at https://help.gradle.org&#10;&#10;BUILD FAILED in 4m 45s&#10;Running Gradle task &apos;assembleProductionRelease&apos;...                287.4s&#10;&#10;┌─ Flutter Fix ────────────────────────────────────────────────────────────────────────────────────┐&#10;│ [!] Using compileSdk 35 requires Android Gradle Plugin (AGP) 8.1.0 or higher.                    │&#10;│  Please upgrade to a newer AGP version. The version of AGP that your project uses is likely      │&#10;│  defined in:                                                                                     │&#10;│ D:\studey projects\The-Good-Doctor\the_good_doctor\android\settings.gradle,                      │&#10;│ in the &apos;plugins&apos; closure (by the number following &quot;com.android.application&quot;).                    │&#10;│  Alternatively, if your project was created with an older version of the templates, it is likely │&#10;│ in the buildscript.dependencies closure of the top-level build.gradle:                           │&#10;│ D:\studey projects\The-Good-Doctor\the_good_doctor\android\build.gradle,                         │&#10;│ as the number following &quot;com.android.tools.build:gradle:&quot;.                                       │&#10;│                                                                                                  │&#10;│  Finally, if you have a strong reason to avoid upgrading AGP, you can temporarily lower the      │&#10;│  compileSdk version in the following file:                                                       │&#10;│ D:\studey projects\The-Good-Doctor\the_good_doctor\android\app\build.gradle                      │&#10;└──────────────────────────────────────────────────────────────────────────────────────────────────┘&#10;Gradle task assembleProductionRelease failed with exit code 1&#10;" />
        
      </testcase>
    
  </testsuite>
</testsuites>
